Timing Analyzer report for top
Wed Jul 10 21:29:27 2024
Quartus Prime Version 18.1.1 Build 646 04/11/2019 SJ Lite Edition


---------------------
; Table of Contents ;
---------------------
  1. Legal Notice
  2. Timing Analyzer Summary
  3. Parallel Compilation
  4. SDC File List
  5. Clocks
  6. Slow 1200mV 85C Model Fmax Summary
  7. Slow 1200mV 85C Model Setup Summary
  8. Slow 1200mV 85C Model Hold Summary
  9. Slow 1200mV 85C Model Recovery Summary
 10. Slow 1200mV 85C Model Removal Summary
 11. Slow 1200mV 85C Model Minimum Pulse Width Summary
 12. Slow 1200mV 85C Model Metastability Summary
 13. Slow 1200mV 0C Model Fmax Summary
 14. Slow 1200mV 0C Model Setup Summary
 15. Slow 1200mV 0C Model Hold Summary
 16. Slow 1200mV 0C Model Recovery Summary
 17. Slow 1200mV 0C Model Removal Summary
 18. Slow 1200mV 0C Model Minimum Pulse Width Summary
 19. Slow 1200mV 0C Model Metastability Summary
 20. Fast 1200mV 0C Model Setup Summary
 21. Fast 1200mV 0C Model Hold Summary
 22. Fast 1200mV 0C Model Recovery Summary
 23. Fast 1200mV 0C Model Removal Summary
 24. Fast 1200mV 0C Model Minimum Pulse Width Summary
 25. Fast 1200mV 0C Model Metastability Summary
 26. Multicorner Timing Analysis Summary
 27. Board Trace Model Assignments
 28. Input Transition Times
 29. Signal Integrity Metrics (Slow 1200mv 0c Model)
 30. Signal Integrity Metrics (Slow 1200mv 85c Model)
 31. Signal Integrity Metrics (Fast 1200mv 0c Model)
 32. Setup Transfers
 33. Hold Transfers
 34. Recovery Transfers
 35. Removal Transfers
 36. Report TCCS
 37. Report RSKM
 38. Unconstrained Paths Summary
 39. Clock Status Summary
 40. Unconstrained Input Ports
 41. Unconstrained Output Ports
 42. Unconstrained Input Ports
 43. Unconstrained Output Ports
 44. Timing Analyzer Messages



----------------
; Legal Notice ;
----------------
Copyright (C) 2019  Intel Corporation. All rights reserved.
Your use of Intel Corporation's design tools, logic functions 
and other software and tools, and any partner logic 
functions, and any output files from any of the foregoing 
(including device programming or simulation files), and any 
associated documentation or information are expressly subject 
to the terms and conditions of the Intel Program License 
Subscription Agreement, the Intel Quartus Prime License Agreement,
the Intel FPGA IP License Agreement, or other applicable license
agreement, including, without limitation, that your use is for
the sole purpose of programming logic devices manufactured by
Intel and sold by Intel or its authorized distributors.  Please
refer to the applicable agreement for further details, at
https://fpgasoftware.intel.com/eula.



+-----------------------------------------------------------------------------+
; Timing Analyzer Summary                                                     ;
+-----------------------+-----------------------------------------------------+
; Quartus Prime Version ; Version 18.1.1 Build 646 04/11/2019 SJ Lite Edition ;
; Timing Analyzer       ; Legacy Timing Analyzer                              ;
; Revision Name         ; top                                                 ;
; Device Family         ; MAX 10                                              ;
; Device Name           ; 10M08SAE144C8G                                      ;
; Timing Models         ; Final                                               ;
; Delay Model           ; Combined                                            ;
; Rise/Fall Delays      ; Enabled                                             ;
+-----------------------+-----------------------------------------------------+


+------------------------------------------+
; Parallel Compilation                     ;
+----------------------------+-------------+
; Processors                 ; Number      ;
+----------------------------+-------------+
; Number detected on machine ; 4           ;
; Maximum allowed            ; 2           ;
;                            ;             ;
; Average used               ; 1.41        ;
; Maximum used               ; 2           ;
;                            ;             ;
; Usage by Processor         ; % Time Used ;
;     Processor 1            ; 100.0%      ;
;     Processor 2            ;  40.8%      ;
+----------------------------+-------------+


+-------------------------------------------------------------------------------------------------------------------------------------------------------------------+
; SDC File List                                                                                                                                                     ;
+-------------------------------------------------------------------------------------------------------------------------------+--------+--------------------------+
; SDC File Path                                                                                                                 ; Status ; Read at                  ;
+-------------------------------------------------------------------------------------------------------------------------------+--------+--------------------------+
; max10.sdc                                                                                                                     ; OK     ; Wed Jul 10 21:29:14 2024 ;
; c:/users/suyama84/documents/fpga/max10_10m08_ptmch/db/ip/nios2_system/submodules/altera_avalon_st_handshake_clock_crosser.sdc ; OK     ; Wed Jul 10 21:29:14 2024 ;
; c:/users/suyama84/documents/fpga/max10_10m08_ptmch/db/ip/nios2_system/submodules/altera_onchip_flash.sdc                      ; OK     ; Wed Jul 10 21:29:14 2024 ;
; c:/users/suyama84/documents/fpga/max10_10m08_ptmch/db/ip/nios2_system/submodules/altera_reset_controller.sdc                  ; OK     ; Wed Jul 10 21:29:14 2024 ;
; c:/users/suyama84/documents/fpga/max10_10m08_ptmch/db/ip/nios2_system/submodules/nios2_system_nios2_cpu_cpu.sdc               ; OK     ; Wed Jul 10 21:29:14 2024 ;
+-------------------------------------------------------------------------------------------------------------------------------+--------+--------------------------+


+----------------------------------------------------------------------------------------------------------------------------------------------------------------------------------------------------------------------------------------------------------------------------------------------------------------+
; Clocks                                                                                                                                                                                                                                                                                                         ;
+---------------------------------------------------------+-----------+---------+------------+-------+--------+------------+-----------+-------------+-------+--------+-----------+------------+----------+--------+-------------------------------+-------------------------------------------------------------+
; Clock Name                                              ; Type      ; Period  ; Frequency  ; Rise  ; Fall   ; Duty Cycle ; Divide by ; Multiply by ; Phase ; Offset ; Edge List ; Edge Shift ; Inverted ; Master ; Source                        ; Targets                                                     ;
+---------------------------------------------------------+-----------+---------+------------+-------+--------+------------+-----------+-------------+-------+--------+-----------+------------+----------+--------+-------------------------------+-------------------------------------------------------------+
; altera_reserved_tck                                     ; Base      ; 100.000 ; 10.0 MHz   ; 0.000 ; 50.000 ;            ;           ;             ;       ;        ;           ;            ;          ;        ;                               ; { altera_reserved_tck }                                     ;
; CLK50M                                                  ; Base      ; 10.000  ; 100.0 MHz  ; 0.000 ; 5.000  ;            ;           ;             ;       ;        ;           ;            ;          ;        ;                               ; { CLK50M }                                                  ;
; SPI_CLK                                                 ; Base      ; 9.000   ; 111.11 MHz ; 0.000 ; 4.500  ;            ;           ;             ;       ;        ;           ;            ;          ;        ;                               ; { SPI_CLK }                                                 ;
; u0|altpll_0|sd1|pll7|clk[0]                             ; Generated ; 5.000   ; 200.0 MHz  ; 0.000 ; 2.500  ; 50.00      ; 1         ; 2           ;       ;        ;           ;            ; false    ; CLK50M ; u0|altpll_0|sd1|pll7|inclk[0] ; { u0|altpll_0|sd1|pll7|clk[0] }                             ;
; u0|altpll_0|sd1|pll7|clk[1]                             ; Generated ; 2.500   ; 400.0 MHz  ; 0.000 ; 1.250  ; 50.00      ; 1         ; 4           ;       ;        ;           ;            ; false    ; CLK50M ; u0|altpll_0|sd1|pll7|inclk[0] ; { u0|altpll_0|sd1|pll7|clk[1] }                             ;
; u0|onchip_flash|altera_onchip_flash_block|ufm_block|osc ; Base      ; 181.818 ; 5.5 MHz    ; 0.000 ; 90.909 ;            ;           ;             ;       ;        ;           ;            ;          ;        ;                               ; { u0|onchip_flash|altera_onchip_flash_block|ufm_block|osc } ;
+---------------------------------------------------------+-----------+---------+------------+-------+--------+------------+-----------+-------------+-------+--------+-----------+------------+----------+--------+-------------------------------+-------------------------------------------------------------+


+-------------------------------------------------------------------+
; Slow 1200mV 85C Model Fmax Summary                                ;
+------------+-----------------+-----------------------------+------+
; Fmax       ; Restricted Fmax ; Clock Name                  ; Note ;
+------------+-----------------+-----------------------------+------+
; 106.09 MHz ; 106.09 MHz      ; altera_reserved_tck         ;      ;
; 121.98 MHz ; 121.98 MHz      ; u0|altpll_0|sd1|pll7|clk[0] ;      ;
; 163.64 MHz ; 163.64 MHz      ; u0|altpll_0|sd1|pll7|clk[1] ;      ;
; 178.35 MHz ; 178.35 MHz      ; CLK50M                      ;      ;
; 231.27 MHz ; 231.27 MHz      ; SPI_CLK                     ;      ;
+------------+-----------------+-----------------------------+------+
This panel reports FMAX for every clock in the design, regardless of the user-specified clock periods.  FMAX is only computed for paths where the source and destination registers or ports are driven by the same clock.  Paths of different clocks, including generated clocks, are ignored.  For paths between a clock and its inversion, FMAX is computed as if the rising and falling edges are scaled along with FMAX, such that the duty cycle (in terms of a percentage) is maintained. Altera recommends that you always use clock constraints and other slack reports for sign-off analysis.


+------------------------------------------------------+
; Slow 1200mV 85C Model Setup Summary                  ;
+-----------------------------+--------+---------------+
; Clock                       ; Slack  ; End Point TNS ;
+-----------------------------+--------+---------------+
; u0|altpll_0|sd1|pll7|clk[1] ; -5.636 ; -46.667       ;
; SPI_CLK                     ; -4.137 ; -15.549       ;
; u0|altpll_0|sd1|pll7|clk[0] ; -3.198 ; -832.272      ;
; CLK50M                      ; 4.393  ; 0.000         ;
; altera_reserved_tck         ; 45.287 ; 0.000         ;
+-----------------------------+--------+---------------+


+-----------------------------------------------------+
; Slow 1200mV 85C Model Hold Summary                  ;
+-----------------------------+-------+---------------+
; Clock                       ; Slack ; End Point TNS ;
+-----------------------------+-------+---------------+
; u0|altpll_0|sd1|pll7|clk[0] ; 0.236 ; 0.000         ;
; CLK50M                      ; 0.360 ; 0.000         ;
; altera_reserved_tck         ; 0.362 ; 0.000         ;
; u0|altpll_0|sd1|pll7|clk[1] ; 0.362 ; 0.000         ;
; SPI_CLK                     ; 0.526 ; 0.000         ;
+-----------------------------+-------+---------------+


+------------------------------------------------------+
; Slow 1200mV 85C Model Recovery Summary               ;
+-----------------------------+--------+---------------+
; Clock                       ; Slack  ; End Point TNS ;
+-----------------------------+--------+---------------+
; SPI_CLK                     ; -3.873 ; -43.360       ;
; u0|altpll_0|sd1|pll7|clk[0] ; 1.514  ; 0.000         ;
; CLK50M                      ; 7.705  ; 0.000         ;
; altera_reserved_tck         ; 48.178 ; 0.000         ;
+-----------------------------+--------+---------------+


+-----------------------------------------------------+
; Slow 1200mV 85C Model Removal Summary               ;
+-----------------------------+-------+---------------+
; Clock                       ; Slack ; End Point TNS ;
+-----------------------------+-------+---------------+
; CLK50M                      ; 0.983 ; 0.000         ;
; altera_reserved_tck         ; 1.265 ; 0.000         ;
; u0|altpll_0|sd1|pll7|clk[0] ; 1.573 ; 0.000         ;
; SPI_CLK                     ; 2.641 ; 0.000         ;
+-----------------------------+-------+---------------+


+----------------------------------------------------------------------------------+
; Slow 1200mV 85C Model Minimum Pulse Width Summary                                ;
+---------------------------------------------------------+--------+---------------+
; Clock                                                   ; Slack  ; End Point TNS ;
+---------------------------------------------------------+--------+---------------+
; u0|altpll_0|sd1|pll7|clk[1]                             ; 0.013  ; 0.000         ;
; u0|altpll_0|sd1|pll7|clk[0]                             ; 0.099  ; 0.000         ;
; SPI_CLK                                                 ; 4.238  ; 0.000         ;
; CLK50M                                                  ; 4.734  ; 0.000         ;
; altera_reserved_tck                                     ; 49.614 ; 0.000         ;
; u0|onchip_flash|altera_onchip_flash_block|ufm_block|osc ; 90.688 ; 0.000         ;
+---------------------------------------------------------+--------+---------------+


-----------------------------------------------
; Slow 1200mV 85C Model Metastability Summary ;
-----------------------------------------------
Design MTBF is not calculated because the design doesn't meet its timing requirements.



+-------------------------------------------------------------------+
; Slow 1200mV 0C Model Fmax Summary                                 ;
+------------+-----------------+-----------------------------+------+
; Fmax       ; Restricted Fmax ; Clock Name                  ; Note ;
+------------+-----------------+-----------------------------+------+
; 112.64 MHz ; 112.64 MHz      ; altera_reserved_tck         ;      ;
; 130.46 MHz ; 130.46 MHz      ; u0|altpll_0|sd1|pll7|clk[0] ;      ;
; 172.24 MHz ; 172.24 MHz      ; u0|altpll_0|sd1|pll7|clk[1] ;      ;
; 185.19 MHz ; 185.19 MHz      ; CLK50M                      ;      ;
; 240.85 MHz ; 240.85 MHz      ; SPI_CLK                     ;      ;
+------------+-----------------+-----------------------------+------+
This panel reports FMAX for every clock in the design, regardless of the user-specified clock periods.  FMAX is only computed for paths where the source and destination registers or ports are driven by the same clock.  Paths of different clocks, including generated clocks, are ignored.  For paths between a clock and its inversion, FMAX is computed as if the rising and falling edges are scaled along with FMAX, such that the duty cycle (in terms of a percentage) is maintained. Altera recommends that you always use clock constraints and other slack reports for sign-off analysis.


+------------------------------------------------------+
; Slow 1200mV 0C Model Setup Summary                   ;
+-----------------------------+--------+---------------+
; Clock                       ; Slack  ; End Point TNS ;
+-----------------------------+--------+---------------+
; u0|altpll_0|sd1|pll7|clk[1] ; -5.289 ; -42.848       ;
; SPI_CLK                     ; -3.905 ; -14.792       ;
; u0|altpll_0|sd1|pll7|clk[0] ; -2.665 ; -630.833      ;
; CLK50M                      ; 4.600  ; 0.000         ;
; altera_reserved_tck         ; 45.561 ; 0.000         ;
+-----------------------------+--------+---------------+


+-----------------------------------------------------+
; Slow 1200mV 0C Model Hold Summary                   ;
+-----------------------------+-------+---------------+
; Clock                       ; Slack ; End Point TNS ;
+-----------------------------+-------+---------------+
; u0|altpll_0|sd1|pll7|clk[0] ; 0.190 ; 0.000         ;
; CLK50M                      ; 0.323 ; 0.000         ;
; altera_reserved_tck         ; 0.324 ; 0.000         ;
; u0|altpll_0|sd1|pll7|clk[1] ; 0.325 ; 0.000         ;
; SPI_CLK                     ; 0.494 ; 0.000         ;
+-----------------------------+-------+---------------+


+------------------------------------------------------+
; Slow 1200mV 0C Model Recovery Summary                ;
+-----------------------------+--------+---------------+
; Clock                       ; Slack  ; End Point TNS ;
+-----------------------------+--------+---------------+
; SPI_CLK                     ; -3.774 ; -42.250       ;
; u0|altpll_0|sd1|pll7|clk[0] ; 1.794  ; 0.000         ;
; CLK50M                      ; 7.851  ; 0.000         ;
; altera_reserved_tck         ; 48.318 ; 0.000         ;
+-----------------------------+--------+---------------+


+-----------------------------------------------------+
; Slow 1200mV 0C Model Removal Summary                ;
+-----------------------------+-------+---------------+
; Clock                       ; Slack ; End Point TNS ;
+-----------------------------+-------+---------------+
; CLK50M                      ; 0.901 ; 0.000         ;
; altera_reserved_tck         ; 1.136 ; 0.000         ;
; u0|altpll_0|sd1|pll7|clk[0] ; 1.412 ; 0.000         ;
; SPI_CLK                     ; 2.181 ; 0.000         ;
+-----------------------------+-------+---------------+


+----------------------------------------------------------------------------------+
; Slow 1200mV 0C Model Minimum Pulse Width Summary                                 ;
+---------------------------------------------------------+--------+---------------+
; Clock                                                   ; Slack  ; End Point TNS ;
+---------------------------------------------------------+--------+---------------+
; u0|altpll_0|sd1|pll7|clk[1]                             ; 0.013  ; 0.000         ;
; u0|altpll_0|sd1|pll7|clk[0]                             ; 0.099  ; 0.000         ;
; SPI_CLK                                                 ; 4.126  ; 0.000         ;
; CLK50M                                                  ; 4.749  ; 0.000         ;
; altera_reserved_tck                                     ; 49.629 ; 0.000         ;
; u0|onchip_flash|altera_onchip_flash_block|ufm_block|osc ; 90.677 ; 0.000         ;
+---------------------------------------------------------+--------+---------------+


----------------------------------------------
; Slow 1200mV 0C Model Metastability Summary ;
----------------------------------------------
Design MTBF is not calculated because the design doesn't meet its timing requirements.



+------------------------------------------------------+
; Fast 1200mV 0C Model Setup Summary                   ;
+-----------------------------+--------+---------------+
; Clock                       ; Slack  ; End Point TNS ;
+-----------------------------+--------+---------------+
; u0|altpll_0|sd1|pll7|clk[1] ; -1.825 ; -14.600       ;
; SPI_CLK                     ; -1.470 ; -5.425        ;
; u0|altpll_0|sd1|pll7|clk[0] ; -0.367 ; -11.744       ;
; CLK50M                      ; 7.718  ; 0.000         ;
; altera_reserved_tck         ; 48.638 ; 0.000         ;
+-----------------------------+--------+---------------+


+-----------------------------------------------------+
; Fast 1200mV 0C Model Hold Summary                   ;
+-----------------------------+-------+---------------+
; Clock                       ; Slack ; End Point TNS ;
+-----------------------------+-------+---------------+
; u0|altpll_0|sd1|pll7|clk[0] ; 0.099 ; 0.000         ;
; CLK50M                      ; 0.151 ; 0.000         ;
; altera_reserved_tck         ; 0.152 ; 0.000         ;
; u0|altpll_0|sd1|pll7|clk[1] ; 0.152 ; 0.000         ;
; SPI_CLK                     ; 0.184 ; 0.000         ;
+-----------------------------+-------+---------------+


+------------------------------------------------------+
; Fast 1200mV 0C Model Recovery Summary                ;
+-----------------------------+--------+---------------+
; Clock                       ; Slack  ; End Point TNS ;
+-----------------------------+--------+---------------+
; SPI_CLK                     ; -1.524 ; -17.564       ;
; u0|altpll_0|sd1|pll7|clk[0] ; 3.444  ; 0.000         ;
; CLK50M                      ; 9.019  ; 0.000         ;
; altera_reserved_tck         ; 49.600 ; 0.000         ;
+-----------------------------+--------+---------------+


+-----------------------------------------------------+
; Fast 1200mV 0C Model Removal Summary                ;
+-----------------------------+-------+---------------+
; Clock                       ; Slack ; End Point TNS ;
+-----------------------------+-------+---------------+
; CLK50M                      ; 0.406 ; 0.000         ;
; altera_reserved_tck         ; 0.506 ; 0.000         ;
; u0|altpll_0|sd1|pll7|clk[0] ; 0.649 ; 0.000         ;
; SPI_CLK                     ; 1.224 ; 0.000         ;
+-----------------------------+-------+---------------+


+----------------------------------------------------------------------------------+
; Fast 1200mV 0C Model Minimum Pulse Width Summary                                 ;
+---------------------------------------------------------+--------+---------------+
; Clock                                                   ; Slack  ; End Point TNS ;
+---------------------------------------------------------+--------+---------------+
; u0|altpll_0|sd1|pll7|clk[0]                             ; 0.465  ; 0.000         ;
; u0|altpll_0|sd1|pll7|clk[1]                             ; 0.500  ; 0.000         ;
; SPI_CLK                                                 ; 3.775  ; 0.000         ;
; CLK50M                                                  ; 4.333  ; 0.000         ;
; altera_reserved_tck                                     ; 49.284 ; 0.000         ;
; u0|onchip_flash|altera_onchip_flash_block|ufm_block|osc ; 90.687 ; 0.000         ;
+---------------------------------------------------------+--------+---------------+


----------------------------------------------
; Fast 1200mV 0C Model Metastability Summary ;
----------------------------------------------
Design MTBF is not calculated because the design doesn't meet its timing requirements.



+------------------------------------------------------------------------------------------------------------------------+
; Multicorner Timing Analysis Summary                                                                                    ;
+----------------------------------------------------------+----------+-------+----------+---------+---------------------+
; Clock                                                    ; Setup    ; Hold  ; Recovery ; Removal ; Minimum Pulse Width ;
+----------------------------------------------------------+----------+-------+----------+---------+---------------------+
; Worst-case Slack                                         ; -5.636   ; 0.099 ; -3.873   ; 0.406   ; 0.013               ;
;  CLK50M                                                  ; 4.393    ; 0.151 ; 7.705    ; 0.406   ; 4.333               ;
;  SPI_CLK                                                 ; -4.137   ; 0.184 ; -3.873   ; 1.224   ; 3.775               ;
;  altera_reserved_tck                                     ; 45.287   ; 0.152 ; 48.178   ; 0.506   ; 49.284              ;
;  u0|altpll_0|sd1|pll7|clk[0]                             ; -3.198   ; 0.099 ; 1.514    ; 0.649   ; 0.099               ;
;  u0|altpll_0|sd1|pll7|clk[1]                             ; -5.636   ; 0.152 ; N/A      ; N/A     ; 0.013               ;
;  u0|onchip_flash|altera_onchip_flash_block|ufm_block|osc ; N/A      ; N/A   ; N/A      ; N/A     ; 90.677              ;
; Design-wide TNS                                          ; -894.488 ; 0.0   ; -43.36   ; 0.0     ; 0.0                 ;
;  CLK50M                                                  ; 0.000    ; 0.000 ; 0.000    ; 0.000   ; 0.000               ;
;  SPI_CLK                                                 ; -15.549  ; 0.000 ; -43.360  ; 0.000   ; 0.000               ;
;  altera_reserved_tck                                     ; 0.000    ; 0.000 ; 0.000    ; 0.000   ; 0.000               ;
;  u0|altpll_0|sd1|pll7|clk[0]                             ; -832.272 ; 0.000 ; 0.000    ; 0.000   ; 0.000               ;
;  u0|altpll_0|sd1|pll7|clk[1]                             ; -46.667  ; 0.000 ; N/A      ; N/A     ; 0.000               ;
;  u0|onchip_flash|altera_onchip_flash_block|ufm_block|osc ; N/A      ; N/A   ; N/A      ; N/A     ; 0.000               ;
+----------------------------------------------------------+----------+-------+----------+---------+---------------------+


+------------------------------------------------------------------------------------------------------------------------------------------------------------------------------------------------------------------------------------------------------------------------------------------------------------------------------------------------------------------------------------------------------------------------+
; Board Trace Model Assignments                                                                                                                                                                                                                                                                                                                                                                                          ;
+---------------------+--------------+-------------------+-------------------------+-------------------------+---------------+---------------------+----------------+------------------+--------+------------------+------------------------+------------------------+--------------+---------------+-----------------+-------+---------------------+--------------------+---------------+-----------------+-------------+
; Pin                 ; I/O Standard ; Near Tline Length ; Near Tline L per Length ; Near Tline C per Length ; Near Series R ; Near Differential R ; Near Pull-up R ; Near Pull-down R ; Near C ; Far Tline Length ; Far Tline L per Length ; Far Tline C per Length ; Far Series R ; Far Pull-up R ; Far Pull-down R ; Far C ; Termination Voltage ; Far Differential R ; EBD File Name ; EBD Signal Name ; EBD Far-end ;
+---------------------+--------------+-------------------+-------------------------+-------------------------+---------------+---------------------+----------------+------------------+--------+------------------+------------------------+------------------------+--------------+---------------+-----------------+-------+---------------------+--------------------+---------------+-----------------+-------------+
; TRG_PLS             ; 3.3-V LVCMOS ; 0 in              ; 0 H/in                  ; 0 F/in                  ; short         ; -                   ; open           ; open             ; open   ; 0 in             ; 0 H/in                 ; 0 F/in                 ; short        ; open          ; open            ; open  ; 0 V                 ; -                  ; n/a           ; n/a             ; n/a         ;
; altera_reserved_tdo ; 3.3-V LVCMOS ; 0 in              ; 0 H/in                  ; 0 F/in                  ; short         ; -                   ; open           ; open             ; open   ; 0 in             ; 0 H/in                 ; 0 F/in                 ; short        ; open          ; open            ; open  ; 0 V                 ; -                  ; n/a           ; n/a             ; n/a         ;
+---------------------+--------------+-------------------+-------------------------+-------------------------+---------------+---------------------+----------------+------------------+--------+------------------+------------------------+------------------------+--------------+---------------+-----------------+-------+---------------------+--------------------+---------------+-----------------+-------------+


+---------------------------------------------------------------------------------+
; Input Transition Times                                                          ;
+---------------------+-----------------------+-----------------+-----------------+
; Pin                 ; I/O Standard          ; 10-90 Rise Time ; 90-10 Fall Time ;
+---------------------+-----------------------+-----------------+-----------------+
; RESET_N             ; 3.3-V LVCMOS          ; 2640 ps         ; 2640 ps         ;
; CLK50M              ; 3.3-V LVCMOS          ; 2640 ps         ; 2640 ps         ;
; SPI_CS              ; 3.3-V LVCMOS          ; 2640 ps         ; 2640 ps         ;
; SPI_CLK             ; 3.3-V LVCMOS          ; 2640 ps         ; 2640 ps         ;
; SPI_MOSI            ; 3.3-V LVCMOS          ; 2640 ps         ; 2640 ps         ;
; altera_reserved_tms ; 3.3 V Schmitt Trigger ; 2640 ps         ; 2640 ps         ;
; altera_reserved_tck ; 3.3 V Schmitt Trigger ; 2640 ps         ; 2640 ps         ;
; altera_reserved_tdi ; 3.3 V Schmitt Trigger ; 2640 ps         ; 2640 ps         ;
; ~ALTERA_CONFIG_SEL~ ; 3.3-V LVCMOS          ; 2640 ps         ; 2640 ps         ;
; ~ALTERA_nCONFIG~    ; 3.3 V Schmitt Trigger ; 2640 ps         ; 2640 ps         ;
; ~ALTERA_nSTATUS~    ; 3.3 V Schmitt Trigger ; 2640 ps         ; 2640 ps         ;
; ~ALTERA_CONF_DONE~  ; 3.3 V Schmitt Trigger ; 2640 ps         ; 2640 ps         ;
+---------------------+-----------------------+-----------------+-----------------+


+--------------------------------------------------------------------------------------------------------------------------------------------------------------------------------------------------------------------------------------------------------------------------------------------------------------------------------------------------------------------------------------------------------------------------------------------------------------------------------------------------------------------------------------------------------------------------------------------------------------------------------------------------------------------------------------------------+
; Signal Integrity Metrics (Slow 1200mv 0c Model)                                                                                                                                                                                                                                                                                                                                                                                                                                                                                                                                                                                                                                                  ;
+---------------------+--------------+---------------------+---------------------+------------------------------+------------------------------+---------------------+---------------------+--------------------------------------+--------------------------------------+-----------------------------+-----------------------------+----------------------------+----------------------------+-----------------------------+-----------------------------+--------------------+--------------------+-------------------------------------+-------------------------------------+----------------------------+----------------------------+---------------------------+---------------------------+
; Pin                 ; I/O Standard ; Board Delay on Rise ; Board Delay on Fall ; Steady State Voh at FPGA Pin ; Steady State Vol at FPGA Pin ; Voh Max at FPGA Pin ; Vol Min at FPGA Pin ; Ringback Voltage on Rise at FPGA Pin ; Ringback Voltage on Fall at FPGA Pin ; 10-90 Rise Time at FPGA Pin ; 90-10 Fall Time at FPGA Pin ; Monotonic Rise at FPGA Pin ; Monotonic Fall at FPGA Pin ; Steady State Voh at Far-end ; Steady State Vol at Far-end ; Voh Max at Far-end ; Vol Min at Far-end ; Ringback Voltage on Rise at Far-end ; Ringback Voltage on Fall at Far-end ; 10-90 Rise Time at Far-end ; 90-10 Fall Time at Far-end ; Monotonic Rise at Far-end ; Monotonic Fall at Far-end ;
+---------------------+--------------+---------------------+---------------------+------------------------------+------------------------------+---------------------+---------------------+--------------------------------------+--------------------------------------+-----------------------------+-----------------------------+----------------------------+----------------------------+-----------------------------+-----------------------------+--------------------+--------------------+-------------------------------------+-------------------------------------+----------------------------+----------------------------+---------------------------+---------------------------+
; TRG_PLS             ; 3.3-V LVCMOS ; 0 s                 ; 0 s                 ; 3.08 V                       ; 3.68e-08 V                   ; 3.12 V              ; -0.0417 V           ; 0.287 V                              ; 0.209 V                              ; 8.99e-10 s                  ; 1.03e-09 s                  ; No                         ; No                         ; 3.08 V                      ; 3.68e-08 V                  ; 3.12 V             ; -0.0417 V          ; 0.287 V                             ; 0.209 V                             ; 8.99e-10 s                 ; 1.03e-09 s                 ; No                        ; No                        ;
; altera_reserved_tdo ; 3.3-V LVCMOS ; 0 s                 ; 0 s                 ; 3.08 V                       ; 2.08e-08 V                   ; 3.19 V              ; -0.126 V            ; 0.218 V                              ; 0.383 V                              ; 4.51e-10 s                  ; 4.73e-10 s                  ; No                         ; No                         ; 3.08 V                      ; 2.08e-08 V                  ; 3.19 V             ; -0.126 V           ; 0.218 V                             ; 0.383 V                             ; 4.51e-10 s                 ; 4.73e-10 s                 ; No                        ; No                        ;
+---------------------+--------------+---------------------+---------------------+------------------------------+------------------------------+---------------------+---------------------+--------------------------------------+--------------------------------------+-----------------------------+-----------------------------+----------------------------+----------------------------+-----------------------------+-----------------------------+--------------------+--------------------+-------------------------------------+-------------------------------------+----------------------------+----------------------------+---------------------------+---------------------------+


+--------------------------------------------------------------------------------------------------------------------------------------------------------------------------------------------------------------------------------------------------------------------------------------------------------------------------------------------------------------------------------------------------------------------------------------------------------------------------------------------------------------------------------------------------------------------------------------------------------------------------------------------------------------------------------------------------+
; Signal Integrity Metrics (Slow 1200mv 85c Model)                                                                                                                                                                                                                                                                                                                                                                                                                                                                                                                                                                                                                                                 ;
+---------------------+--------------+---------------------+---------------------+------------------------------+------------------------------+---------------------+---------------------+--------------------------------------+--------------------------------------+-----------------------------+-----------------------------+----------------------------+----------------------------+-----------------------------+-----------------------------+--------------------+--------------------+-------------------------------------+-------------------------------------+----------------------------+----------------------------+---------------------------+---------------------------+
; Pin                 ; I/O Standard ; Board Delay on Rise ; Board Delay on Fall ; Steady State Voh at FPGA Pin ; Steady State Vol at FPGA Pin ; Voh Max at FPGA Pin ; Vol Min at FPGA Pin ; Ringback Voltage on Rise at FPGA Pin ; Ringback Voltage on Fall at FPGA Pin ; 10-90 Rise Time at FPGA Pin ; 90-10 Fall Time at FPGA Pin ; Monotonic Rise at FPGA Pin ; Monotonic Fall at FPGA Pin ; Steady State Voh at Far-end ; Steady State Vol at Far-end ; Voh Max at Far-end ; Vol Min at Far-end ; Ringback Voltage on Rise at Far-end ; Ringback Voltage on Fall at Far-end ; 10-90 Rise Time at Far-end ; 90-10 Fall Time at Far-end ; Monotonic Rise at Far-end ; Monotonic Fall at Far-end ;
+---------------------+--------------+---------------------+---------------------+------------------------------+------------------------------+---------------------+---------------------+--------------------------------------+--------------------------------------+-----------------------------+-----------------------------+----------------------------+----------------------------+-----------------------------+-----------------------------+--------------------+--------------------+-------------------------------------+-------------------------------------+----------------------------+----------------------------+---------------------------+---------------------------+
; TRG_PLS             ; 3.3-V LVCMOS ; 0 s                 ; 0 s                 ; 3.08 V                       ; 2.3e-06 V                    ; 3.1 V               ; -0.018 V            ; 0.27 V                               ; 0.217 V                              ; 1.11e-09 s                  ; 1.22e-09 s                  ; Yes                        ; Yes                        ; 3.08 V                      ; 2.3e-06 V                   ; 3.1 V              ; -0.018 V           ; 0.27 V                              ; 0.217 V                             ; 1.11e-09 s                 ; 1.22e-09 s                 ; Yes                       ; Yes                       ;
; altera_reserved_tdo ; 3.3-V LVCMOS ; 0 s                 ; 0 s                 ; 3.08 V                       ; 1.3e-06 V                    ; 3.15 V              ; -0.0682 V           ; 0.279 V                              ; 0.237 V                              ; 4.81e-10 s                  ; 6.4e-10 s                   ; Yes                        ; No                         ; 3.08 V                      ; 1.3e-06 V                   ; 3.15 V             ; -0.0682 V          ; 0.279 V                             ; 0.237 V                             ; 4.81e-10 s                 ; 6.4e-10 s                  ; Yes                       ; No                        ;
+---------------------+--------------+---------------------+---------------------+------------------------------+------------------------------+---------------------+---------------------+--------------------------------------+--------------------------------------+-----------------------------+-----------------------------+----------------------------+----------------------------+-----------------------------+-----------------------------+--------------------+--------------------+-------------------------------------+-------------------------------------+----------------------------+----------------------------+---------------------------+---------------------------+


+--------------------------------------------------------------------------------------------------------------------------------------------------------------------------------------------------------------------------------------------------------------------------------------------------------------------------------------------------------------------------------------------------------------------------------------------------------------------------------------------------------------------------------------------------------------------------------------------------------------------------------------------------------------------------------------------------+
; Signal Integrity Metrics (Fast 1200mv 0c Model)                                                                                                                                                                                                                                                                                                                                                                                                                                                                                                                                                                                                                                                  ;
+---------------------+--------------+---------------------+---------------------+------------------------------+------------------------------+---------------------+---------------------+--------------------------------------+--------------------------------------+-----------------------------+-----------------------------+----------------------------+----------------------------+-----------------------------+-----------------------------+--------------------+--------------------+-------------------------------------+-------------------------------------+----------------------------+----------------------------+---------------------------+---------------------------+
; Pin                 ; I/O Standard ; Board Delay on Rise ; Board Delay on Fall ; Steady State Voh at FPGA Pin ; Steady State Vol at FPGA Pin ; Voh Max at FPGA Pin ; Vol Min at FPGA Pin ; Ringback Voltage on Rise at FPGA Pin ; Ringback Voltage on Fall at FPGA Pin ; 10-90 Rise Time at FPGA Pin ; 90-10 Fall Time at FPGA Pin ; Monotonic Rise at FPGA Pin ; Monotonic Fall at FPGA Pin ; Steady State Voh at Far-end ; Steady State Vol at Far-end ; Voh Max at Far-end ; Vol Min at Far-end ; Ringback Voltage on Rise at Far-end ; Ringback Voltage on Fall at Far-end ; 10-90 Rise Time at Far-end ; 90-10 Fall Time at Far-end ; Monotonic Rise at Far-end ; Monotonic Fall at Far-end ;
+---------------------+--------------+---------------------+---------------------+------------------------------+------------------------------+---------------------+---------------------+--------------------------------------+--------------------------------------+-----------------------------+-----------------------------+----------------------------+----------------------------+-----------------------------+-----------------------------+--------------------+--------------------+-------------------------------------+-------------------------------------+----------------------------+----------------------------+---------------------------+---------------------------+
; TRG_PLS             ; 3.3-V LVCMOS ; 0 s                 ; 0 s                 ; 3.46 V                       ; 8.93e-07 V                   ; 3.53 V              ; -0.0325 V           ; 0.324 V                              ; 0.176 V                              ; 6.87e-10 s                  ; 8.14e-10 s                  ; No                         ; Yes                        ; 3.46 V                      ; 8.93e-07 V                  ; 3.53 V             ; -0.0325 V          ; 0.324 V                             ; 0.176 V                             ; 6.87e-10 s                 ; 8.14e-10 s                 ; No                        ; Yes                       ;
; altera_reserved_tdo ; 3.3-V LVCMOS ; 0 s                 ; 0 s                 ; 3.46 V                       ; 5.04e-07 V                   ; 3.64 V              ; -0.0201 V           ; 0.391 V                              ; 0.088 V                              ; 2.79e-10 s                  ; 3.95e-10 s                  ; No                         ; Yes                        ; 3.46 V                      ; 5.04e-07 V                  ; 3.64 V             ; -0.0201 V          ; 0.391 V                             ; 0.088 V                             ; 2.79e-10 s                 ; 3.95e-10 s                 ; No                        ; Yes                       ;
+---------------------+--------------+---------------------+---------------------+------------------------------+------------------------------+---------------------+---------------------+--------------------------------------+--------------------------------------+-----------------------------+-----------------------------+----------------------------+----------------------------+-----------------------------+-----------------------------+--------------------+--------------------+-------------------------------------+-------------------------------------+----------------------------+----------------------------+---------------------------+---------------------------+


+-------------------------------------------------------------------------------------------------------------------------------------------------------------------+
; Setup Transfers                                                                                                                                                   ;
+---------------------------------------------------------+---------------------------------------------------------+------------+------------+----------+----------+
; From Clock                                              ; To Clock                                                ; RR Paths   ; FR Paths   ; RF Paths ; FF Paths ;
+---------------------------------------------------------+---------------------------------------------------------+------------+------------+----------+----------+
; altera_reserved_tck                                     ; altera_reserved_tck                                     ; 1526       ; 0          ; 37       ; 2        ;
; u0|altpll_0|sd1|pll7|clk[0]                             ; altera_reserved_tck                                     ; false path ; 0          ; 0        ; 0        ;
; CLK50M                                                  ; CLK50M                                                  ; 508        ; 0          ; 0        ; 0        ;
; u0|altpll_0|sd1|pll7|clk[0]                             ; CLK50M                                                  ; 17         ; 0          ; 0        ; 0        ;
; SPI_CLK                                                 ; SPI_CLK                                                 ; 22         ; 0          ; 0        ; 0        ;
; u0|altpll_0|sd1|pll7|clk[1]                             ; SPI_CLK                                                 ; 14         ; 0          ; 0        ; 0        ;
; altera_reserved_tck                                     ; u0|altpll_0|sd1|pll7|clk[0]                             ; false path ; false path ; 0        ; 0        ;
; CLK50M                                                  ; u0|altpll_0|sd1|pll7|clk[0]                             ; 8          ; 0          ; 0        ; 0        ;
; u0|altpll_0|sd1|pll7|clk[0]                             ; u0|altpll_0|sd1|pll7|clk[0]                             ; 42369      ; 117        ; 170      ; 0        ;
; u0|onchip_flash|altera_onchip_flash_block|ufm_block|osc ; u0|altpll_0|sd1|pll7|clk[0]                             ; 2          ; 0          ; 0        ; 0        ;
; SPI_CLK                                                 ; u0|altpll_0|sd1|pll7|clk[1]                             ; 40         ; 0          ; 0        ; 0        ;
; u0|altpll_0|sd1|pll7|clk[1]                             ; u0|altpll_0|sd1|pll7|clk[1]                             ; 210        ; 0          ; 0        ; 0        ;
; u0|onchip_flash|altera_onchip_flash_block|ufm_block|osc ; u0|onchip_flash|altera_onchip_flash_block|ufm_block|osc ; 2          ; 0          ; 0        ; 0        ;
+---------------------------------------------------------+---------------------------------------------------------+------------+------------+----------+----------+
Entries labeled "false path" only account for clock-to-clock false paths and not path-based false paths. As a result, actual path counts may be lower than reported.


+-------------------------------------------------------------------------------------------------------------------------------------------------------------------+
; Hold Transfers                                                                                                                                                    ;
+---------------------------------------------------------+---------------------------------------------------------+------------+------------+----------+----------+
; From Clock                                              ; To Clock                                                ; RR Paths   ; FR Paths   ; RF Paths ; FF Paths ;
+---------------------------------------------------------+---------------------------------------------------------+------------+------------+----------+----------+
; altera_reserved_tck                                     ; altera_reserved_tck                                     ; 1526       ; 0          ; 37       ; 2        ;
; u0|altpll_0|sd1|pll7|clk[0]                             ; altera_reserved_tck                                     ; false path ; 0          ; 0        ; 0        ;
; CLK50M                                                  ; CLK50M                                                  ; 508        ; 0          ; 0        ; 0        ;
; u0|altpll_0|sd1|pll7|clk[0]                             ; CLK50M                                                  ; 17         ; 0          ; 0        ; 0        ;
; SPI_CLK                                                 ; SPI_CLK                                                 ; 22         ; 0          ; 0        ; 0        ;
; u0|altpll_0|sd1|pll7|clk[1]                             ; SPI_CLK                                                 ; 14         ; 0          ; 0        ; 0        ;
; altera_reserved_tck                                     ; u0|altpll_0|sd1|pll7|clk[0]                             ; false path ; false path ; 0        ; 0        ;
; CLK50M                                                  ; u0|altpll_0|sd1|pll7|clk[0]                             ; 8          ; 0          ; 0        ; 0        ;
; u0|altpll_0|sd1|pll7|clk[0]                             ; u0|altpll_0|sd1|pll7|clk[0]                             ; 42369      ; 117        ; 170      ; 0        ;
; u0|onchip_flash|altera_onchip_flash_block|ufm_block|osc ; u0|altpll_0|sd1|pll7|clk[0]                             ; 2          ; 0          ; 0        ; 0        ;
; SPI_CLK                                                 ; u0|altpll_0|sd1|pll7|clk[1]                             ; 40         ; 0          ; 0        ; 0        ;
; u0|altpll_0|sd1|pll7|clk[1]                             ; u0|altpll_0|sd1|pll7|clk[1]                             ; 210        ; 0          ; 0        ; 0        ;
; u0|onchip_flash|altera_onchip_flash_block|ufm_block|osc ; u0|onchip_flash|altera_onchip_flash_block|ufm_block|osc ; 2          ; 0          ; 0        ; 0        ;
+---------------------------------------------------------+---------------------------------------------------------+------------+------------+----------+----------+
Entries labeled "false path" only account for clock-to-clock false paths and not path-based false paths. As a result, actual path counts may be lower than reported.


+-----------------------------------------------------------------------------------------------------------------------------------+
; Recovery Transfers                                                                                                                ;
+-----------------------------+---------------------------------------------------------+----------+----------+----------+----------+
; From Clock                  ; To Clock                                                ; RR Paths ; FR Paths ; RF Paths ; FF Paths ;
+-----------------------------+---------------------------------------------------------+----------+----------+----------+----------+
; altera_reserved_tck         ; altera_reserved_tck                                     ; 67       ; 0        ; 2        ; 0        ;
; CLK50M                      ; CLK50M                                                  ; 57       ; 0        ; 0        ; 0        ;
; u0|altpll_0|sd1|pll7|clk[0] ; CLK50M                                                  ; 3        ; 0        ; 0        ; 0        ;
; u0|altpll_0|sd1|pll7|clk[1] ; SPI_CLK                                                 ; 24       ; 0        ; 0        ; 0        ;
; u0|altpll_0|sd1|pll7|clk[0] ; u0|altpll_0|sd1|pll7|clk[0]                             ; 724      ; 0        ; 0        ; 0        ;
; u0|altpll_0|sd1|pll7|clk[0] ; u0|onchip_flash|altera_onchip_flash_block|ufm_block|osc ; 6        ; 0        ; 0        ; 0        ;
+-----------------------------+---------------------------------------------------------+----------+----------+----------+----------+
Entries labeled "false path" only account for clock-to-clock false paths and not path-based false paths. As a result, actual path counts may be lower than reported.


+-----------------------------------------------------------------------------------------------------------------------------------+
; Removal Transfers                                                                                                                 ;
+-----------------------------+---------------------------------------------------------+----------+----------+----------+----------+
; From Clock                  ; To Clock                                                ; RR Paths ; FR Paths ; RF Paths ; FF Paths ;
+-----------------------------+---------------------------------------------------------+----------+----------+----------+----------+
; altera_reserved_tck         ; altera_reserved_tck                                     ; 67       ; 0        ; 2        ; 0        ;
; CLK50M                      ; CLK50M                                                  ; 57       ; 0        ; 0        ; 0        ;
; u0|altpll_0|sd1|pll7|clk[0] ; CLK50M                                                  ; 3        ; 0        ; 0        ; 0        ;
; u0|altpll_0|sd1|pll7|clk[1] ; SPI_CLK                                                 ; 24       ; 0        ; 0        ; 0        ;
; u0|altpll_0|sd1|pll7|clk[0] ; u0|altpll_0|sd1|pll7|clk[0]                             ; 724      ; 0        ; 0        ; 0        ;
; u0|altpll_0|sd1|pll7|clk[0] ; u0|onchip_flash|altera_onchip_flash_block|ufm_block|osc ; 6        ; 0        ; 0        ; 0        ;
+-----------------------------+---------------------------------------------------------+----------+----------+----------+----------+
Entries labeled "false path" only account for clock-to-clock false paths and not path-based false paths. As a result, actual path counts may be lower than reported.


---------------
; Report TCCS ;
---------------
No dedicated SERDES Transmitter circuitry present in device or used in design


---------------
; Report RSKM ;
---------------
No non-DPA dedicated SERDES Receiver circuitry present in device or used in design


+------------------------------------------------+
; Unconstrained Paths Summary                    ;
+---------------------------------+-------+------+
; Property                        ; Setup ; Hold ;
+---------------------------------+-------+------+
; Illegal Clocks                  ; 0     ; 0    ;
; Unconstrained Clocks            ; 1     ; 1    ;
; Unconstrained Input Ports       ; 5     ; 5    ;
; Unconstrained Input Port Paths  ; 110   ; 110  ;
; Unconstrained Output Ports      ; 2     ; 2    ;
; Unconstrained Output Port Paths ; 5     ; 5    ;
+---------------------------------+-------+------+


+-----------------------------------------------------------------------------------------------------------------------------------------------------------------------------------------------------------------------+
; Clock Status Summary                                                                                                                                                                                                  ;
+---------------------------------------------------------------------------------------------------------------------------------+---------------------------------------------------------+-----------+---------------+
; Target                                                                                                                          ; Clock                                                   ; Type      ; Status        ;
+---------------------------------------------------------------------------------------------------------------------------------+---------------------------------------------------------+-----------+---------------+
; CLK50M                                                                                                                          ; CLK50M                                                  ; Base      ; Constrained   ;
; SPI_CLK                                                                                                                         ; SPI_CLK                                                 ; Base      ; Constrained   ;
; altera_reserved_tck                                                                                                             ; altera_reserved_tck                                     ; Base      ; Constrained   ;
; nios2_system:u0|altera_onchip_flash:onchip_flash|altera_onchip_flash_avmm_data_controller:avmm_data_controller|flash_se_neg_reg ;                                                         ; Base      ; Unconstrained ;
; u0|altpll_0|sd1|pll7|clk[0]                                                                                                     ; u0|altpll_0|sd1|pll7|clk[0]                             ; Generated ; Constrained   ;
; u0|altpll_0|sd1|pll7|clk[1]                                                                                                     ; u0|altpll_0|sd1|pll7|clk[1]                             ; Generated ; Constrained   ;
; u0|onchip_flash|altera_onchip_flash_block|ufm_block|osc                                                                         ; u0|onchip_flash|altera_onchip_flash_block|ufm_block|osc ; Base      ; Constrained   ;
+---------------------------------------------------------------------------------------------------------------------------------+---------------------------------------------------------+-----------+---------------+


+------------------------------------------------------------------------------------------------------------+
; Unconstrained Input Ports                                                                                  ;
+---------------------+--------------------------------------------------------------------------------------+
; Input Port          ; Comment                                                                              ;
+---------------------+--------------------------------------------------------------------------------------+
; RESET_N             ; Partially constrained                                                                ;
; SPI_CS              ; No input delay, min/max delays, false-path exceptions, or max skew assignments found ;
; SPI_MOSI            ; No input delay, min/max delays, false-path exceptions, or max skew assignments found ;
; altera_reserved_tdi ; No input delay, min/max delays, false-path exceptions, or max skew assignments found ;
; altera_reserved_tms ; No input delay, min/max delays, false-path exceptions, or max skew assignments found ;
+---------------------+--------------------------------------------------------------------------------------+


+-------------------------------------------------------------------------------------------------------------+
; Unconstrained Output Ports                                                                                  ;
+---------------------+---------------------------------------------------------------------------------------+
; Output Port         ; Comment                                                                               ;
+---------------------+---------------------------------------------------------------------------------------+
; TRG_PLS             ; No output delay, min/max delays, false-path exceptions, or max skew assignments found ;
; altera_reserved_tdo ; No output delay, min/max delays, false-path exceptions, or max skew assignments found ;
+---------------------+---------------------------------------------------------------------------------------+


+------------------------------------------------------------------------------------------------------------+
; Unconstrained Input Ports                                                                                  ;
+---------------------+--------------------------------------------------------------------------------------+
; Input Port          ; Comment                                                                              ;
+---------------------+--------------------------------------------------------------------------------------+
; RESET_N             ; Partially constrained                                                                ;
; SPI_CS              ; No input delay, min/max delays, false-path exceptions, or max skew assignments found ;
; SPI_MOSI            ; No input delay, min/max delays, false-path exceptions, or max skew assignments found ;
; altera_reserved_tdi ; No input delay, min/max delays, false-path exceptions, or max skew assignments found ;
; altera_reserved_tms ; No input delay, min/max delays, false-path exceptions, or max skew assignments found ;
+---------------------+--------------------------------------------------------------------------------------+


+-------------------------------------------------------------------------------------------------------------+
; Unconstrained Output Ports                                                                                  ;
+---------------------+---------------------------------------------------------------------------------------+
; Output Port         ; Comment                                                                               ;
+---------------------+---------------------------------------------------------------------------------------+
; TRG_PLS             ; No output delay, min/max delays, false-path exceptions, or max skew assignments found ;
; altera_reserved_tdo ; No output delay, min/max delays, false-path exceptions, or max skew assignments found ;
+---------------------+---------------------------------------------------------------------------------------+


+--------------------------+
; Timing Analyzer Messages ;
+--------------------------+
Info: *******************************************************************
Info: Running Quartus Prime Timing Analyzer
    Info: Version 18.1.1 Build 646 04/11/2019 SJ Lite Edition
    Info: Processing started: Wed Jul 10 21:29:08 2024
Info: Command: quartus_sta top -c top
Info: qsta_default_script.tcl version: #1
Warning (18236): Number of processors has not been specified which may cause overloading on shared machines.  Set the global assignment NUM_PARALLEL_PROCESSORS in your QSF to an appropriate value for best performance.
Info (20030): Parallel compilation is enabled and will use 2 of the 2 processors detected
Info (21077): Low junction temperature is 0 degrees C
Info (21077): High junction temperature is 85 degrees C
Warning (335093): The Timing Analyzer is analyzing 1 combinational loops as latches. For more details, run the Check Timing command in the Timing Analyzer or view the "User-Specified and Inferred Latches" table in the Analysis & Synthesis report.
Info (332164): Evaluating HDL-embedded SDC commands
    Info (332165): Entity alt_jtag_atlantic
        Info (332166): set_false_path -from [get_registers {*|alt_jtag_atlantic:*|jupdate}] -to [get_registers {*|alt_jtag_atlantic:*|jupdate1*}] 
        Info (332166): set_false_path -from [get_registers {*|alt_jtag_atlantic:*|rdata[*]}] -to [get_registers {*|alt_jtag_atlantic*|td_shift[*]}]
        Info (332166): set_false_path -from [get_registers {*|alt_jtag_atlantic:*|rdata[*]}] -to [get_registers {*|alt_jtag_atlantic*|td_shift[*]}]
        Info (332166): set_false_path -from [get_registers {*|alt_jtag_atlantic:*|rdata[*]}] -to [get_registers {*|alt_jtag_atlantic*|td_shift[*]}]
        Info (332166): set_false_path -from [get_registers {*|alt_jtag_atlantic:*|rdata[*]}] -to [get_registers {*|alt_jtag_atlantic*|td_shift[*]}]
        Info (332166): set_false_path -from [get_registers {*|alt_jtag_atlantic:*|rdata[*]}] -to [get_registers {*|alt_jtag_atlantic*|td_shift[*]}]
        Info (332166): set_false_path -from [get_registers {*|alt_jtag_atlantic:*|rdata[*]}] -to [get_registers {*|alt_jtag_atlantic*|td_shift[*]}]
        Info (332166): set_false_path -from [get_registers {*|alt_jtag_atlantic:*|rdata[*]}] -to [get_registers {*|alt_jtag_atlantic*|td_shift[*]}]
        Info (332166): set_false_path -from [get_registers {*|alt_jtag_atlantic:*|rdata[*]}] -to [get_registers {*|alt_jtag_atlantic*|td_shift[*]}]
        Info (332166): set_false_path -from [get_registers {*|alt_jtag_atlantic:*|read}] -to [get_registers {*|alt_jtag_atlantic:*|read1*}] 
        Info (332166): set_false_path -from [get_registers {*|alt_jtag_atlantic:*|read_req}]
        Info (332166): set_false_path -from [get_registers {*|alt_jtag_atlantic:*|rvalid}] -to [get_registers {*|alt_jtag_atlantic*|td_shift[*]}]
        Info (332166): set_false_path -from [get_registers {*|t_dav}] -to [get_registers {*|alt_jtag_atlantic:*|tck_t_dav}]
        Info (332166): set_false_path -from [get_registers {*|alt_jtag_atlantic:*|user_saw_rvalid}] -to [get_registers {*|alt_jtag_atlantic:*|rvalid0*}]
        Info (332166): set_false_path -from [get_registers {*|alt_jtag_atlantic:*|wdata[*]}] -to [get_registers {*}]
        Info (332166): set_false_path -from [get_registers {*|alt_jtag_atlantic:*|wdata[*]}] -to [get_registers {*}]
        Info (332166): set_false_path -from [get_registers {*|alt_jtag_atlantic:*|wdata[*]}] -to [get_registers {*}]
        Info (332166): set_false_path -from [get_registers {*|alt_jtag_atlantic:*|wdata[*]}] -to [get_registers {*}]
        Info (332166): set_false_path -from [get_registers {*|alt_jtag_atlantic:*|wdata[*]}] -to [get_registers {*}]
        Info (332166): set_false_path -from [get_registers {*|alt_jtag_atlantic:*|wdata[*]}] -to [get_registers {*}]
        Info (332166): set_false_path -from [get_registers {*|alt_jtag_atlantic:*|wdata[*]}] -to [get_registers {*}]
        Info (332166): set_false_path -from [get_registers {*|alt_jtag_atlantic:*|wdata[*]}] -to [get_registers {*}]
        Info (332166): set_false_path -from [get_registers {*|alt_jtag_atlantic:*|write}] -to [get_registers {*|alt_jtag_atlantic:*|write1*}] 
        Info (332166): set_false_path -from [get_registers {*|alt_jtag_atlantic:*|write_stalled}] -to [get_registers {*|alt_jtag_atlantic:*|t_ena*}]
        Info (332166): set_false_path -from [get_registers {*|alt_jtag_atlantic:*|write_stalled}] -to [get_registers {*|alt_jtag_atlantic:*|t_pause*}]
        Info (332166): set_false_path -from [get_registers {*|alt_jtag_atlantic:*|write_valid}]
    Info (332165): Entity altera_std_synchronizer
        Info (332166): set_false_path -to [get_keepers {*altera_std_synchronizer:*|din_s1}]
    Info (332165): Entity sld_hub
        Info (332166): create_clock -name altera_reserved_tck [get_ports {altera_reserved_tck}] -period 10MHz   
        Info (332166): set_clock_groups -asynchronous -group {altera_reserved_tck}
Info (332104): Reading SDC File: 'max10.sdc'
Info (332110): Deriving PLL clocks
    Info (332110): create_clock -period 181.818 -name {u0|onchip_flash|altera_onchip_flash_block|ufm_block|osc} {u0|onchip_flash|altera_onchip_flash_block|ufm_block|osc}
    Info (332110): create_generated_clock -source {u0|altpll_0|sd1|pll7|inclk[0]} -multiply_by 2 -duty_cycle 50.00 -name {u0|altpll_0|sd1|pll7|clk[0]} {u0|altpll_0|sd1|pll7|clk[0]}
    Info (332110): create_generated_clock -source {u0|altpll_0|sd1|pll7|inclk[0]} -multiply_by 4 -duty_cycle 50.00 -name {u0|altpll_0|sd1|pll7|clk[1]} {u0|altpll_0|sd1|pll7|clk[1]}
Info (332104): Reading SDC File: 'c:/users/suyama84/documents/fpga/max10_10m08_ptmch/db/ip/nios2_system/submodules/altera_avalon_st_handshake_clock_crosser.sdc'
Info (332104): Reading SDC File: 'c:/users/suyama84/documents/fpga/max10_10m08_ptmch/db/ip/nios2_system/submodules/altera_onchip_flash.sdc'
Info (332104): Reading SDC File: 'c:/users/suyama84/documents/fpga/max10_10m08_ptmch/db/ip/nios2_system/submodules/altera_reset_controller.sdc'
Info (332104): Reading SDC File: 'c:/users/suyama84/documents/fpga/max10_10m08_ptmch/db/ip/nios2_system/submodules/nios2_system_nios2_cpu_cpu.sdc'
Info (332097): The following timing edges are non-unate.  The Timing Analyzer will assume pos-unate behavior for these edges in the clock network.
    Info (332098): Cell: altera_internal_jtag  from: tck  to: tckutap
Warning (332056): PLL cross checking found inconsistent PLL clock settings:
    Warning (332056): Clock: u0|altpll_0|sd1|pll7|clk[0] with master clock period: 10.000 found on PLL node: u0|altpll_0|sd1|pll7|clk[0] does not match the master clock period requirement: 20.000
    Warning (332056): Clock: u0|altpll_0|sd1|pll7|clk[1] with master clock period: 10.000 found on PLL node: u0|altpll_0|sd1|pll7|clk[1] does not match the master clock period requirement: 20.000
Critical Warning (332168): The following clock transfers have no clock uncertainty assignment. For more accurate results, apply clock uncertainty assignments or use the derive_clock_uncertainty command.
    Critical Warning (332169): From altera_reserved_tck (Rise) to altera_reserved_tck (Rise) (setup and hold)
    Critical Warning (332169): From altera_reserved_tck (Rise) to altera_reserved_tck (Fall) (setup and hold)
    Critical Warning (332169): From altera_reserved_tck (Fall) to altera_reserved_tck (Fall) (setup and hold)
    Critical Warning (332169): From SPI_CLK (Rise) to SPI_CLK (Rise) (setup and hold)
    Critical Warning (332169): From u0|altpll_0|sd1|pll7|clk[1] (Rise) to SPI_CLK (Rise) (setup and hold)
    Critical Warning (332169): From CLK50M (Rise) to CLK50M (Rise) (setup and hold)
    Critical Warning (332169): From u0|altpll_0|sd1|pll7|clk[0] (Rise) to CLK50M (Rise) (setup and hold)
    Critical Warning (332169): From u0|onchip_flash|altera_onchip_flash_block|ufm_block|osc (Rise) to u0|onchip_flash|altera_onchip_flash_block|ufm_block|osc (Rise) (setup and hold)
    Critical Warning (332169): From u0|altpll_0|sd1|pll7|clk[0] (Rise) to u0|onchip_flash|altera_onchip_flash_block|ufm_block|osc (Rise) (setup and hold)
    Critical Warning (332169): From CLK50M (Rise) to u0|altpll_0|sd1|pll7|clk[0] (Rise) (setup and hold)
    Critical Warning (332169): From u0|onchip_flash|altera_onchip_flash_block|ufm_block|osc (Rise) to u0|altpll_0|sd1|pll7|clk[0] (Rise) (setup and hold)
    Critical Warning (332169): From u0|altpll_0|sd1|pll7|clk[0] (Rise) to u0|altpll_0|sd1|pll7|clk[0] (Rise) (setup and hold)
    Critical Warning (332169): From u0|altpll_0|sd1|pll7|clk[0] (Fall) to u0|altpll_0|sd1|pll7|clk[0] (Rise) (setup and hold)
    Critical Warning (332169): From u0|altpll_0|sd1|pll7|clk[0] (Rise) to u0|altpll_0|sd1|pll7|clk[0] (Fall) (setup and hold)
    Critical Warning (332169): From SPI_CLK (Rise) to u0|altpll_0|sd1|pll7|clk[1] (Rise) (setup and hold)
    Critical Warning (332169): From u0|altpll_0|sd1|pll7|clk[1] (Rise) to u0|altpll_0|sd1|pll7|clk[1] (Rise) (setup and hold)
Info: Found TIMING_ANALYZER_REPORT_SCRIPT_INCLUDE_DEFAULT_ANALYSIS = ON
Info: Analyzing Slow 1200mV 85C Model
Info: Can't run Report Timing Closure Recommendations. The current device family is not supported.
Critical Warning (332148): Timing requirements not met
Info (332146): Worst-case setup slack is -5.636
    Info (332119):     Slack       End Point TNS Clock 
    Info (332119): ========= =================== =====================
    Info (332119):    -5.636             -46.667 u0|altpll_0|sd1|pll7|clk[1] 
    Info (332119):    -4.137             -15.549 SPI_CLK 
    Info (332119):    -3.198            -832.272 u0|altpll_0|sd1|pll7|clk[0] 
    Info (332119):     4.393               0.000 CLK50M 
    Info (332119):    45.287               0.000 altera_reserved_tck 
Info (332146): Worst-case hold slack is 0.236
    Info (332119):     Slack       End Point TNS Clock 
    Info (332119): ========= =================== =====================
    Info (332119):     0.236               0.000 u0|altpll_0|sd1|pll7|clk[0] 
    Info (332119):     0.360               0.000 CLK50M 
    Info (332119):     0.362               0.000 altera_reserved_tck 
    Info (332119):     0.362               0.000 u0|altpll_0|sd1|pll7|clk[1] 
    Info (332119):     0.526               0.000 SPI_CLK 
Info (332146): Worst-case recovery slack is -3.873
    Info (332119):     Slack       End Point TNS Clock 
    Info (332119): ========= =================== =====================
    Info (332119):    -3.873             -43.360 SPI_CLK 
    Info (332119):     1.514               0.000 u0|altpll_0|sd1|pll7|clk[0] 
    Info (332119):     7.705               0.000 CLK50M 
    Info (332119):    48.178               0.000 altera_reserved_tck 
Info (332146): Worst-case removal slack is 0.983
    Info (332119):     Slack       End Point TNS Clock 
    Info (332119): ========= =================== =====================
    Info (332119):     0.983               0.000 CLK50M 
    Info (332119):     1.265               0.000 altera_reserved_tck 
    Info (332119):     1.573               0.000 u0|altpll_0|sd1|pll7|clk[0] 
    Info (332119):     2.641               0.000 SPI_CLK 
Info (332146): Worst-case minimum pulse width slack is 0.013
    Info (332119):     Slack       End Point TNS Clock 
    Info (332119): ========= =================== =====================
    Info (332119):     0.013               0.000 u0|altpll_0|sd1|pll7|clk[1] 
    Info (332119):     0.099               0.000 u0|altpll_0|sd1|pll7|clk[0] 
    Info (332119):     4.238               0.000 SPI_CLK 
    Info (332119):     4.734               0.000 CLK50M 
    Info (332119):    49.614               0.000 altera_reserved_tck 
    Info (332119):    90.688               0.000 u0|onchip_flash|altera_onchip_flash_block|ufm_block|osc 
Info (332114): Report Metastability: Found 22 synchronizer chains.
    Info (332114): Design MTBF is not calculated because the design doesn't meet its timing requirements.
Info: Analyzing Slow 1200mV 0C Model
Info (334003): Started post-fitting delay annotation
Info (334004): Delay annotation completed successfully
Info (332097): The following timing edges are non-unate.  The Timing Analyzer will assume pos-unate behavior for these edges in the clock network.
    Info (332098): Cell: altera_internal_jtag  from: tck  to: tckutap
Warning (332056): PLL cross checking found inconsistent PLL clock settings:
    Warning (332056): Clock: u0|altpll_0|sd1|pll7|clk[0] with master clock period: 10.000 found on PLL node: u0|altpll_0|sd1|pll7|clk[0] does not match the master clock period requirement: 20.000
    Warning (332056): Clock: u0|altpll_0|sd1|pll7|clk[1] with master clock period: 10.000 found on PLL node: u0|altpll_0|sd1|pll7|clk[1] does not match the master clock period requirement: 20.000
Critical Warning (332168): The following clock transfers have no clock uncertainty assignment. For more accurate results, apply clock uncertainty assignments or use the derive_clock_uncertainty command.
    Critical Warning (332169): From altera_reserved_tck (Rise) to altera_reserved_tck (Rise) (setup and hold)
    Critical Warning (332169): From altera_reserved_tck (Rise) to altera_reserved_tck (Fall) (setup and hold)
    Critical Warning (332169): From altera_reserved_tck (Fall) to altera_reserved_tck (Fall) (setup and hold)
    Critical Warning (332169): From SPI_CLK (Rise) to SPI_CLK (Rise) (setup and hold)
    Critical Warning (332169): From u0|altpll_0|sd1|pll7|clk[1] (Rise) to SPI_CLK (Rise) (setup and hold)
    Critical Warning (332169): From CLK50M (Rise) to CLK50M (Rise) (setup and hold)
    Critical Warning (332169): From u0|altpll_0|sd1|pll7|clk[0] (Rise) to CLK50M (Rise) (setup and hold)
    Critical Warning (332169): From u0|onchip_flash|altera_onchip_flash_block|ufm_block|osc (Rise) to u0|onchip_flash|altera_onchip_flash_block|ufm_block|osc (Rise) (setup and hold)
    Critical Warning (332169): From u0|altpll_0|sd1|pll7|clk[0] (Rise) to u0|onchip_flash|altera_onchip_flash_block|ufm_block|osc (Rise) (setup and hold)
    Critical Warning (332169): From CLK50M (Rise) to u0|altpll_0|sd1|pll7|clk[0] (Rise) (setup and hold)
    Critical Warning (332169): From u0|onchip_flash|altera_onchip_flash_block|ufm_block|osc (Rise) to u0|altpll_0|sd1|pll7|clk[0] (Rise) (setup and hold)
    Critical Warning (332169): From u0|altpll_0|sd1|pll7|clk[0] (Rise) to u0|altpll_0|sd1|pll7|clk[0] (Rise) (setup and hold)
    Critical Warning (332169): From u0|altpll_0|sd1|pll7|clk[0] (Fall) to u0|altpll_0|sd1|pll7|clk[0] (Rise) (setup and hold)
    Critical Warning (332169): From u0|altpll_0|sd1|pll7|clk[0] (Rise) to u0|altpll_0|sd1|pll7|clk[0] (Fall) (setup and hold)
    Critical Warning (332169): From SPI_CLK (Rise) to u0|altpll_0|sd1|pll7|clk[1] (Rise) (setup and hold)
    Critical Warning (332169): From u0|altpll_0|sd1|pll7|clk[1] (Rise) to u0|altpll_0|sd1|pll7|clk[1] (Rise) (setup and hold)
Critical Warning (332148): Timing requirements not met
Info (332146): Worst-case setup slack is -5.289
    Info (332119):     Slack       End Point TNS Clock 
    Info (332119): ========= =================== =====================
    Info (332119):    -5.289             -42.848 u0|altpll_0|sd1|pll7|clk[1] 
    Info (332119):    -3.905             -14.792 SPI_CLK 
    Info (332119):    -2.665            -630.833 u0|altpll_0|sd1|pll7|clk[0] 
    Info (332119):     4.600               0.000 CLK50M 
    Info (332119):    45.561               0.000 altera_reserved_tck 
Info (332146): Worst-case hold slack is 0.190
    Info (332119):     Slack       End Point TNS Clock 
    Info (332119): ========= =================== =====================
    Info (332119):     0.190               0.000 u0|altpll_0|sd1|pll7|clk[0] 
    Info (332119):     0.323               0.000 CLK50M 
    Info (332119):     0.324               0.000 altera_reserved_tck 
    Info (332119):     0.325               0.000 u0|altpll_0|sd1|pll7|clk[1] 
    Info (332119):     0.494               0.000 SPI_CLK 
Info (332146): Worst-case recovery slack is -3.774
    Info (332119):     Slack       End Point TNS Clock 
    Info (332119): ========= =================== =====================
    Info (332119):    -3.774             -42.250 SPI_CLK 
    Info (332119):     1.794               0.000 u0|altpll_0|sd1|pll7|clk[0] 
    Info (332119):     7.851               0.000 CLK50M 
    Info (332119):    48.318               0.000 altera_reserved_tck 
Info (332146): Worst-case removal slack is 0.901
    Info (332119):     Slack       End Point TNS Clock 
    Info (332119): ========= =================== =====================
    Info (332119):     0.901               0.000 CLK50M 
    Info (332119):     1.136               0.000 altera_reserved_tck 
    Info (332119):     1.412               0.000 u0|altpll_0|sd1|pll7|clk[0] 
    Info (332119):     2.181               0.000 SPI_CLK 
Info (332146): Worst-case minimum pulse width slack is 0.013
    Info (332119):     Slack       End Point TNS Clock 
    Info (332119): ========= =================== =====================
    Info (332119):     0.013               0.000 u0|altpll_0|sd1|pll7|clk[1] 
    Info (332119):     0.099               0.000 u0|altpll_0|sd1|pll7|clk[0] 
    Info (332119):     4.126               0.000 SPI_CLK 
    Info (332119):     4.749               0.000 CLK50M 
    Info (332119):    49.629               0.000 altera_reserved_tck 
    Info (332119):    90.677               0.000 u0|onchip_flash|altera_onchip_flash_block|ufm_block|osc 
Info (332114): Report Metastability: Found 22 synchronizer chains.
    Info (332114): Design MTBF is not calculated because the design doesn't meet its timing requirements.
Info: Analyzing Fast 1200mV 0C Model
Info (332097): The following timing edges are non-unate.  The Timing Analyzer will assume pos-unate behavior for these edges in the clock network.
    Info (332098): Cell: altera_internal_jtag  from: tck  to: tckutap
Warning (332056): PLL cross checking found inconsistent PLL clock settings:
    Warning (332056): Clock: u0|altpll_0|sd1|pll7|clk[0] with master clock period: 10.000 found on PLL node: u0|altpll_0|sd1|pll7|clk[0] does not match the master clock period requirement: 20.000
    Warning (332056): Clock: u0|altpll_0|sd1|pll7|clk[1] with master clock period: 10.000 found on PLL node: u0|altpll_0|sd1|pll7|clk[1] does not match the master clock period requirement: 20.000
Critical Warning (332168): The following clock transfers have no clock uncertainty assignment. For more accurate results, apply clock uncertainty assignments or use the derive_clock_uncertainty command.
    Critical Warning (332169): From altera_reserved_tck (Rise) to altera_reserved_tck (Rise) (setup and hold)
    Critical Warning (332169): From altera_reserved_tck (Rise) to altera_reserved_tck (Fall) (setup and hold)
    Critical Warning (332169): From altera_reserved_tck (Fall) to altera_reserved_tck (Fall) (setup and hold)
    Critical Warning (332169): From SPI_CLK (Rise) to SPI_CLK (Rise) (setup and hold)
    Critical Warning (332169): From u0|altpll_0|sd1|pll7|clk[1] (Rise) to SPI_CLK (Rise) (setup and hold)
    Critical Warning (332169): From CLK50M (Rise) to CLK50M (Rise) (setup and hold)
    Critical Warning (332169): From u0|altpll_0|sd1|pll7|clk[0] (Rise) to CLK50M (Rise) (setup and hold)
    Critical Warning (332169): From u0|onchip_flash|altera_onchip_flash_block|ufm_block|osc (Rise) to u0|onchip_flash|altera_onchip_flash_block|ufm_block|osc (Rise) (setup and hold)
    Critical Warning (332169): From u0|altpll_0|sd1|pll7|clk[0] (Rise) to u0|onchip_flash|altera_onchip_flash_block|ufm_block|osc (Rise) (setup and hold)
    Critical Warning (332169): From CLK50M (Rise) to u0|altpll_0|sd1|pll7|clk[0] (Rise) (setup and hold)
    Critical Warning (332169): From u0|onchip_flash|altera_onchip_flash_block|ufm_block|osc (Rise) to u0|altpll_0|sd1|pll7|clk[0] (Rise) (setup and hold)
    Critical Warning (332169): From u0|altpll_0|sd1|pll7|clk[0] (Rise) to u0|altpll_0|sd1|pll7|clk[0] (Rise) (setup and hold)
    Critical Warning (332169): From u0|altpll_0|sd1|pll7|clk[0] (Fall) to u0|altpll_0|sd1|pll7|clk[0] (Rise) (setup and hold)
    Critical Warning (332169): From u0|altpll_0|sd1|pll7|clk[0] (Rise) to u0|altpll_0|sd1|pll7|clk[0] (Fall) (setup and hold)
    Critical Warning (332169): From SPI_CLK (Rise) to u0|altpll_0|sd1|pll7|clk[1] (Rise) (setup and hold)
    Critical Warning (332169): From u0|altpll_0|sd1|pll7|clk[1] (Rise) to u0|altpll_0|sd1|pll7|clk[1] (Rise) (setup and hold)
Critical Warning (332148): Timing requirements not met
Info (332146): Worst-case setup slack is -1.825
    Info (332119):     Slack       End Point TNS Clock 
    Info (332119): ========= =================== =====================
    Info (332119):    -1.825             -14.600 u0|altpll_0|sd1|pll7|clk[1] 
    Info (332119):    -1.470              -5.425 SPI_CLK 
    Info (332119):    -0.367             -11.744 u0|altpll_0|sd1|pll7|clk[0] 
    Info (332119):     7.718               0.000 CLK50M 
    Info (332119):    48.638               0.000 altera_reserved_tck 
Info (332146): Worst-case hold slack is 0.099
    Info (332119):     Slack       End Point TNS Clock 
    Info (332119): ========= =================== =====================
    Info (332119):     0.099               0.000 u0|altpll_0|sd1|pll7|clk[0] 
    Info (332119):     0.151               0.000 CLK50M 
    Info (332119):     0.152               0.000 altera_reserved_tck 
    Info (332119):     0.152               0.000 u0|altpll_0|sd1|pll7|clk[1] 
    Info (332119):     0.184               0.000 SPI_CLK 
Info (332146): Worst-case recovery slack is -1.524
    Info (332119):     Slack       End Point TNS Clock 
    Info (332119): ========= =================== =====================
    Info (332119):    -1.524             -17.564 SPI_CLK 
    Info (332119):     3.444               0.000 u0|altpll_0|sd1|pll7|clk[0] 
    Info (332119):     9.019               0.000 CLK50M 
    Info (332119):    49.600               0.000 altera_reserved_tck 
Info (332146): Worst-case removal slack is 0.406
    Info (332119):     Slack       End Point TNS Clock 
    Info (332119): ========= =================== =====================
    Info (332119):     0.406               0.000 CLK50M 
    Info (332119):     0.506               0.000 altera_reserved_tck 
    Info (332119):     0.649               0.000 u0|altpll_0|sd1|pll7|clk[0] 
    Info (332119):     1.224               0.000 SPI_CLK 
Info (332146): Worst-case minimum pulse width slack is 0.465
    Info (332119):     Slack       End Point TNS Clock 
    Info (332119): ========= =================== =====================
    Info (332119):     0.465               0.000 u0|altpll_0|sd1|pll7|clk[0] 
    Info (332119):     0.500               0.000 u0|altpll_0|sd1|pll7|clk[1] 
    Info (332119):     3.775               0.000 SPI_CLK 
    Info (332119):     4.333               0.000 CLK50M 
    Info (332119):    49.284               0.000 altera_reserved_tck 
    Info (332119):    90.687               0.000 u0|onchip_flash|altera_onchip_flash_block|ufm_block|osc 
Info (332114): Report Metastability: Found 22 synchronizer chains.
    Info (332114): Design MTBF is not calculated because the design doesn't meet its timing requirements.
Info (332102): Design is not fully constrained for setup requirements
Info (332102): Design is not fully constrained for hold requirements
Info: Quartus Prime Timing Analyzer was successful. 0 errors, 65 warnings
    Info: Peak virtual memory: 4791 megabytes
    Info: Processing ended: Wed Jul 10 21:29:27 2024
    Info: Elapsed time: 00:00:19
    Info: Total CPU time (on all processors): 00:00:22


